<?xml version="1.0" encoding="UTF-8"?>
<!-- Generated by org.testng.reporters.JUnitReportReporter -->
<testsuite hostname="MSI" failures="0" tests="1" name="com.httpsRequests.HowToCreatePostRequests" time="3.116" errors="0" timestamp="2025-04-06T12:01:59 IST" skipped="0">
  <testcase classname="com.httpsRequests.HowToCreatePostRequests" name="postRequestUsingPOJO" time="3.116"/>
  <system-out/>
</testsuite> <!-- com.httpsRequests.HowToCreatePostRequests -->
