<?xml version="1.0" encoding="UTF-8"?>
<!-- Generated by org.testng.reporters.JUnitReportReporter -->
<testsuite hostname="MSI" failures="0" tests="1" name="com.httpsRequests.POJOPostPractise" time="3.173" errors="0" timestamp="2025-04-06T11:59:13 IST" skipped="0">
  <testcase classname="com.httpsRequests.POJOPostPractise" name="PostRequestPOJO" time="3.173"/>
  <system-out/>
</testsuite> <!-- com.httpsRequests.POJOPostPractise -->
