<?xml version="1.0" encoding="UTF-8"?>
<!-- Generated by org.testng.reporters.JUnitReportReporter -->
<testsuite hostname="MSI" failures="0" tests="1" name="com.httpsRequests.PractiseAPI" time="2.154" errors="0" timestamp="2025-04-06T08:36:34 IST" skipped="0">
  <testcase classname="com.httpsRequests.PractiseAPI" name="testlistofUsers" time="2.154"/>
  <system-out/>
</testsuite> <!-- com.httpsRequests.PractiseAPI -->
